POST /register 201 449ms 2024-08-11T13:40:55.246Z
POST /register 201 1808ms 2024-08-11T13:50:55.250Z
POST /login 200 295ms 2024-08-11T13:57:01.660Z
POST /register 201 874ms 2024-08-11T14:02:20.474Z
POST /register 201 443ms 2024-08-11T14:05:24.891Z
POST /login 200 224ms 2024-08-11T14:06:36.879Z
POST /login 500 192ms 2024-08-11T14:07:18.927Z
POST /login 500 2422ms 2024-08-11T14:08:04.820Z
POST /register 201 3764ms 2024-08-11T14:08:19.324Z
POST /login 200 13083ms 2024-08-11T14:08:48.275Z
POST /login 200 527ms 2024-08-11T14:10:05.227Z
POST /register 201 861ms 2024-08-11T14:11:48.965Z
POST /login 200 237ms 2024-08-11T14:12:06.766Z
POST /login 200 2091ms 2024-08-11T14:37:48.020Z
GET /Ticket-AA4617D716/confirm 500 5ms 2024-08-11T22:10:15.243Z
GET /Ticket-AA4617D716/confirm 500 5ms 2024-08-11T22:11:13.900Z
GET /Ticket-AA4617D716/confirm 200 110ms 2024-08-11T22:12:12.620Z
GET /66b581677ecf7050a040b304 200 1885ms 2024-08-11T22:14:09.232Z
POST /bookings/66b581677ecf7050a040b304 201 170ms 2024-08-11T22:15:38.813Z
POST /bookings/66b581677ecf7050a040b304 201 102ms 2024-08-11T22:16:30.086Z
POST /login 200 170ms 2024-08-11T22:19:40.093Z
POST /bookings/66b581677ecf7050a040b304 201 56ms 2024-08-11T22:19:51.889Z
GET /Ticket-83B55FBAE3/confirm 200 3ms 2024-08-11T22:20:43.800Z
GET /66b581677ecf7050a040b304 200 50ms 2024-08-11T22:21:55.983Z
GET /Ticket-83B55FBAE3/confirm 200 7ms 2024-08-11T22:22:01.054Z
POST /bookings/66b581677ecf7050a040b304 201 49ms 2024-08-11T22:22:31.494Z
POST /bookings/66b581677ecf7050a040b304 201 119ms 2024-08-11T22:23:33.256Z
GET /66b581677ecf7050a040b304 500 18ms 2024-08-11T22:24:19.637Z
GET /66b581677ecf7050a040b304 200 23ms 2024-08-11T22:24:47.477Z
GET /Ticket-83B55FBAE3/confirm 200 44ms 2024-08-11T22:25:05.872Z
GET /Ticket-83B55FBAE3/confirm 200 81ms 2024-08-11T22:25:45.578Z
POST /bookings/66b581677ecf7050a040b304 201 58ms 2024-08-11T22:29:10.132Z
POST /bookings/66b581677ecf7050a040b304 201 71ms 2024-08-11T22:29:39.161Z
GET /Ticket-73BFBBD6BD/confirm 200 26ms 2024-08-11T22:30:08.456Z
GET /Ticket-73BFBBD6BD/confirm 200 43ms 2024-08-11T22:31:08.897Z
POST /register 500 104ms 2024-08-11T22:33:24.019Z
POST /register 500 87ms 2024-08-11T22:33:49.319Z
POST /register 201 101ms 2024-08-11T22:34:05.380Z
POST /login 500 91ms 2024-08-11T22:34:34.220Z
POST /login 500 122ms 2024-08-11T22:35:00.110Z
POST /login 200 85ms 2024-08-11T22:35:15.596Z
POST /login 200 90ms 2024-08-11T22:36:06.151Z
POST /login 200 88ms 2024-08-11T22:37:49.099Z
POST /login 200 78ms 2024-08-11T22:38:09.930Z
GET /Ticket-73BFBBD6BD/confirm 200 49ms 2024-08-11T22:38:20.209Z
GET /Ticket-73BFBBD6BD/confirm 200 19ms 2024-08-11T22:39:57.869Z
GET /Ticket-73BFBBD6BD/confirm 200 20ms 2024-08-11T22:40:21.810Z
GET /66b581677ecf7050a040b304 200 22ms 2024-08-11T22:40:45.266Z
GET /66b581677ecf7050a040b304 200 46ms 2024-08-11T22:40:47.834Z
GET /Ticket-73BFBBD6BD/confirm 200 8ms 2024-08-11T22:40:55.188Z
GET /66b581677ecf7050a040b304 200 57ms 2024-08-11T22:41:41.174Z
GET /66b581677ecf7050a040b304 200 19ms 2024-08-11T22:42:22.382Z
GET /Ticket-73BFBBD6BD/confirm 200 28ms 2024-08-11T22:44:12.235Z
POST /bookings/66b581677ecf7050a040b304 201 104ms 2024-08-11T22:47:18.485Z
GET /Ticket-A0A1CDAD97/confirm 200 8ms 2024-08-11T22:51:28.694Z
GET /Ticket-A0A1CDAD97/confirm 200 21ms 2024-08-11T22:52:44.275Z
GET /Ticket-A0A1CDAD97/confirm 200 24ms 2024-08-11T22:53:20.792Z
GET /Ticket-A0A1CDAD97/confirm 200 24ms 2024-08-11T22:53:55.176Z
GET /Ticket-A0A1CDAD9/confirm 404 4ms 2024-08-11T22:55:13.842Z
GET /Ticket-A0A1CDAD9A/confirm 404 11ms 2024-08-11T22:59:10.402Z
GET /Ticket-A0A1CDAD97/confirm 200 12ms 2024-08-11T22:59:49.052Z
POST /bookings/66b581677ecf7050a040b304 201 399ms 2024-08-12T19:31:49.417Z
POST /bookings/66b581677ecf7050a040b304 201 70ms 2024-08-12T19:32:21.257Z
POST /bookings/66b581677ecf7050a040b304 201 75ms 2024-08-12T19:33:04.598Z
POST /bookings/66b581677ecf7050a040b304 201 107ms 2024-08-12T19:33:48.709Z
POST /bookings/66b581677ecf7050a040b304 201 100ms 2024-08-12T19:35:46.481Z
POST /bookings/66b581677ecf7050a040b304 201 108ms 2024-08-12T19:38:19.988Z
POST /bookings/66b581677ecf7050a040b304 500 69ms 2024-08-12T19:50:15.233Z
POST /bookings/66b581677ecf7050a040b304 201 84ms 2024-08-12T19:51:13.248Z
POST /bookings/66b581677ecf7050a040b304 500 74ms 2024-08-12T19:57:25.472Z
POST /bookings/66b581677ecf7050a040b304 201 74ms 2024-08-12T19:57:42.069Z
POST /bookings/66b581677ecf7050a040b304 201 78ms 2024-08-12T19:59:33.824Z
POST /register 201 236ms 2024-08-12T20:05:07.398Z
POST /login 200 74ms 2024-08-12T20:05:26.511Z
POST / 201 61ms 2024-08-12T20:06:18.694Z
POST /bookings/66ba6b3a0aa280d5fa2de9e4 500 102ms 2024-08-12T20:06:58.228Z
POST /bookings/66ba6b3a0aa280d5fa2de9e4 201 104ms 2024-08-12T20:08:03.894Z
POST / 201 30ms 2024-08-12T20:42:34.973Z
POST /bookings/66ba73ba61ee0cdf2b63d7a2 201 104ms 2024-08-12T20:42:49.011Z
POST / 201 28ms 2024-08-12T20:45:52.074Z
POST /bookings/66ba74808ed07d1f28abcfb1 201 106ms 2024-08-12T20:46:15.277Z
POST / 201 8ms 2024-08-12T20:47:39.187Z
POST /bookings/66ba74eb8ed07d1f28abcfbd 201 88ms 2024-08-12T20:47:52.010Z
POST / 201 31ms 2024-08-12T20:55:02.942Z
POST /bookings/66ba76a65cf9c2b21b256341 201 77ms 2024-08-12T20:55:33.276Z
POST / 201 29ms 2024-08-12T20:58:36.656Z
POST /bookings/66ba777cdb05f3081bc37aaa 201 59ms 2024-08-12T20:58:50.378Z
POST / 201 57ms 2024-08-12T21:00:52.906Z
POST /bookings/66ba7804db05f3081bc37ab8 201 29ms 2024-08-12T21:01:13.905Z
POST / 201 50ms 2024-08-12T21:03:01.079Z
POST /bookings/66ba7885db05f3081bc37ac4 201 20ms 2024-08-12T21:03:12.979Z
POST / 201 40ms 2024-08-12T22:06:34.520Z
POST /bookings/66ba876ac12ffa5a1bfb883d 201 76ms 2024-08-12T22:06:56.373Z
POST / 201 46ms 2024-08-12T22:11:22.405Z
POST /bookings/66ba888a425bd651ea6f6f6a 201 55ms 2024-08-12T22:11:36.226Z
GET /66ba8964425bd651ea6f6f75 500 2ms 2024-08-12T22:17:54.088Z
GET /66ba8964425bd651ea6f6f75 500 15ms 2024-08-12T22:18:41.721Z
GET /66ba8964425bd651ea6f6f75 200 74ms 2024-08-12T22:19:07.768Z
GET /66ba8964425bd651ea6f6f75 200 6ms 2024-08-12T22:19:56.628Z
GET /66ba8964425bd651ea6f6f75 404 30ms 2024-08-12T22:29:33.730Z
GET /66ba8964425bd651ea6f6f75 403 16ms 2024-08-12T22:31:33.650Z
GET /66ba8964425bd651ea6f6f75 200 24ms 2024-08-12T22:31:54.502Z
DELETE /66ba8964425bd651ea6f6f75 403 30ms 2024-08-12T22:33:18.432Z
DELETE /66ba8964425bd651ea6f6f75 404 13ms 2024-08-12T22:33:49.965Z
DELETE /66ba8964425bd651ea6f6f75 404 39ms 2024-08-12T22:35:05.456Z
